# JRE version: Java(TM) SE Runtime Environment (8.0_91-b15) (build 1.8.0_91-b15)
# Java VM: Java HotSpot(TM) 64-Bit Server VM (25.91-b15 mixed mode windows-amd64 compressed oops)
Heap:
 PSYoungGen      total 88576K, used 41056K [0x000000076af00000, 0x0000000782880000, 0x00000007c0000000)
  eden space 88064K, 46% used [0x000000076af00000,0x000000076d69cab0,0x0000000770500000)
  from space 512K, 96% used [0x0000000782800000,0x000000078287b8a0,0x0000000782880000)
  to   space 1024K, 0% used [0x0000000782680000,0x0000000782680000,0x0000000782780000)
 ParOldGen       total 175104K, used 29003K [0x00000006c0c00000, 0x00000006cb700000, 0x000000076af00000)
  object space 175104K, 16% used [0x00000006c0c00000,0x00000006c2852cb0,0x00000006cb700000)
 Metaspace       used 2825K, capacity 4600K, committed 4864K, reserved 1056768K
  class space    used 313K, capacity 424K, committed 512K, reserved 1048576K
GC Heap History (10 events):
Event: 364.825 GC heap before
{Heap before GC invocations=990 (full 0):
 PSYoungGen      total 102400K, used 101998K [0x000000076af00000, 0x0000000782900000, 0x00000007c0000000)
  eden space 101376K, 100% used [0x000000076af00000,0x0000000771200000,0x0000000771200000)
  from space 1024K, 60% used [0x0000000782780000,0x000000078281b8a0,0x0000000782880000)
  to   space 512K, 0% used [0x0000000782880000,0x0000000782880000,0x0000000782900000)
 ParOldGen       total 175104K, used 28843K [0x00000006c0c00000, 0x00000006cb700000, 0x000000076af00000)
  object space 175104K, 16% used [0x00000006c0c00000,0x00000006c282acb0,0x00000006cb700000)
 Metaspace       used 2825K, capacity 4600K, committed 4864K, reserved 1056768K
  class space    used 313K, capacity 424K, committed 512K, reserved 1048576K
Event: 364.825 GC heap after
Heap after GC invocations=990 (full 0):
 PSYoungGen      total 98816K, used 494K [0x000000076af00000, 0x0000000782900000, 0x00000007c0000000)
  eden space 98304K, 0% used [0x000000076af00000,0x000000076af00000,0x0000000770f00000)
  from space 512K, 96% used [0x0000000782880000,0x00000007828fb8a0,0x0000000782900000)
  to   space 1024K, 0% used [0x0000000782700000,0x0000000782700000,0x0000000782800000)
 ParOldGen       total 175104K, used 28907K [0x00000006c0c00000, 0x00000006cb700000, 0x000000076af00000)
  object space 175104K, 16% used [0x00000006c0c00000,0x00000006c283acb0,0x00000006cb700000)
 Metaspace       used 2825K, capacity 4600K, committed 4864K, reserved 1056768K
  class space    used 313K, capacity 424K, committed 512K, reserved 1048576K
}
Event: 365.142 GC heap before
{Heap before GC invocations=991 (full 0):
 PSYoungGen      total 98816K, used 98798K [0x000000076af00000, 0x0000000782900000, 0x00000007c0000000)
  eden space 98304K, 100% used [0x000000076af00000,0x0000000770f00000,0x0000000770f00000)
  from space 512K, 96% used [0x0000000782880000,0x00000007828fb8a0,0x0000000782900000)
  to   space 1024K, 0% used [0x0000000782700000,0x0000000782700000,0x0000000782800000)
 ParOldGen       total 175104K, used 28907K [0x00000006c0c00000, 0x00000006cb700000, 0x000000076af00000)
  object space 175104K, 16% used [0x00000006c0c00000,0x00000006c283acb0,0x00000006cb700000)
 Metaspace       used 2825K, capacity 4600K, committed 4864K, reserved 1056768K
  class space    used 313K, capacity 424K, committed 512K, reserved 1048576K
Event: 365.144 GC heap after
Heap after GC invocations=991 (full 0):
 PSYoungGen      total 96768K, used 558K [0x000000076af00000, 0x0000000782900000, 0x00000007c0000000)
  eden space 95744K, 0% used [0x000000076af00000,0x000000076af00000,0x0000000770c80000)
  from space 1024K, 54% used [0x0000000782700000,0x000000078278b8a0,0x0000000782800000)
  to   space 1024K, 0% used [0x0000000782800000,0x0000000782800000,0x0000000782900000)
 ParOldGen       total 175104K, used 28915K [0x00000006c0c00000, 0x00000006cb700000, 0x000000076af00000)
  object space 175104K, 16% used [0x00000006c0c00000,0x00000006c283ccb0,0x00000006cb700000)
 Metaspace       used 2825K, capacity 4600K, committed 4864K, reserved 1056768K
  class space    used 313K, capacity 424K, committed 512K, reserved 1048576K
}
Event: 365.459 GC heap before
{Heap before GC invocations=992 (full 0):
 PSYoungGen      total 96768K, used 96302K [0x000000076af00000, 0x0000000782900000, 0x00000007c0000000)
  eden space 95744K, 100% used [0x000000076af00000,0x0000000770c80000,0x0000000770c80000)
  from space 1024K, 54% used [0x0000000782700000,0x000000078278b8a0,0x0000000782800000)
  to   space 1024K, 0% used [0x0000000782800000,0x0000000782800000,0x0000000782900000)
 ParOldGen       total 175104K, used 28915K [0x00000006c0c00000, 0x00000006cb700000, 0x000000076af00000)
  object space 175104K, 16% used [0x00000006c0c00000,0x00000006c283ccb0,0x00000006cb700000)
 Metaspace       used 2825K, capacity 4600K, committed 4864K, reserved 1056768K
  class space    used 313K, capacity 424K, committed 512K, reserved 1048576K
Event: 365.460 GC heap after
Heap after GC invocations=992 (full 0):
 PSYoungGen      total 94208K, used 590K [0x000000076af00000, 0x0000000782900000, 0x00000007c0000000)
  eden space 93184K, 0% used [0x000000076af00000,0x000000076af00000,0x0000000770a00000)
  from space 1024K, 57% used [0x0000000782800000,0x00000007828938a0,0x0000000782900000)
  to   space 1024K, 0% used [0x0000000782700000,0x0000000782700000,0x0000000782800000)
 ParOldGen       total 175104K, used 28923K [0x00000006c0c00000, 0x00000006cb700000, 0x000000076af00000)
  object space 175104K, 16% used [0x00000006c0c00000,0x00000006c283ecb0,0x00000006cb700000)
 Metaspace       used 2825K, capacity 4600K, committed 4864K, reserved 1056768K
  class space    used 313K, capacity 424K, committed 512K, reserved 1048576K
}
Event: 365.638 GC heap before
{Heap before GC invocations=993 (full 0):
 PSYoungGen      total 94208K, used 93774K [0x000000076af00000, 0x0000000782900000, 0x00000007c0000000)
  eden space 93184K, 100% used [0x000000076af00000,0x0000000770a00000,0x0000000770a00000)
  from space 1024K, 57% used [0x0000000782800000,0x00000007828938a0,0x0000000782900000)
  to   space 1024K, 0% used [0x0000000782700000,0x0000000782700000,0x0000000782800000)
 ParOldGen       total 175104K, used 28923K [0x00000006c0c00000, 0x00000006cb700000, 0x000000076af00000)
  object space 175104K, 16% used [0x00000006c0c00000,0x00000006c283ecb0,0x00000006cb700000)
 Metaspace       used 2825K, capacity 4600K, committed 4864K, reserved 1056768K
  class space    used 313K, capacity 424K, committed 512K, reserved 1048576K
Event: 365.639 GC heap after
Heap after GC invocations=993 (full 0):
 PSYoungGen      total 91648K, used 590K [0x000000076af00000, 0x0000000782880000, 0x00000007c0000000)
  eden space 90624K, 0% used [0x000000076af00000,0x000000076af00000,0x0000000770780000)
  from space 1024K, 57% used [0x0000000782700000,0x00000007827938a0,0x0000000782800000)
  to   space 512K, 0% used [0x0000000782800000,0x0000000782800000,0x0000000782880000)
 ParOldGen       total 175104K, used 28931K [0x00000006c0c00000, 0x00000006cb700000, 0x000000076af00000)
  object space 175104K, 16% used [0x00000006c0c00000,0x00000006c2840cb0,0x00000006cb700000)
 Metaspace       used 2825K, capacity 4600K, committed 4864K, reserved 1056768K
  class space    used 313K, capacity 424K, committed 512K, reserved 1048576K
}
Event: 365.955 GC heap before
{Heap before GC invocations=994 (full 0):
 PSYoungGen      total 91648K, used 91214K [0x000000076af00000, 0x0000000782880000, 0x00000007c0000000)
  eden space 90624K, 100% used [0x000000076af00000,0x0000000770780000,0x0000000770780000)
  from space 1024K, 57% used [0x0000000782700000,0x00000007827938a0,0x0000000782800000)
  to   space 512K, 0% used [0x0000000782800000,0x0000000782800000,0x0000000782880000)
 ParOldGen       total 175104K, used 28931K [0x00000006c0c00000, 0x00000006cb700000, 0x000000076af00000)
  object space 175104K, 16% used [0x00000006c0c00000,0x00000006c2840cb0,0x00000006cb700000)
 Metaspace       used 2825K, capacity 4600K, committed 4864K, reserved 1056768K
  class space    used 313K, capacity 424K, committed 512K, reserved 1048576K
Event: 365.956 GC heap after
Heap after GC invocations=994 (full 0):
 PSYoungGen      total 88576K, used 494K [0x000000076af00000, 0x0000000782880000, 0x00000007c0000000)
  eden space 88064K, 0% used [0x000000076af00000,0x000000076af00000,0x0000000770500000)
  from space 512K, 96% used [0x0000000782800000,0x000000078287b8a0,0x0000000782880000)
  to   space 1024K, 0% used [0x0000000782680000,0x0000000782680000,0x0000000782780000)
 ParOldGen       total 175104K, used 29003K [0x00000006c0c00000, 0x00000006cb700000, 0x000000076af00000)
  object space 175104K, 16% used [0x00000006c0c00000,0x00000006c2852cb0,0x00000006cb700000)
 Metaspace       used 2825K, capacity 4600K, committed 4864K, reserved 1056768K
  class space    used 313K, capacity 424K, committed 512K, reserved 1048576K
}

